<?xml version="1.0" encoding="UTF-8"?>
<!-- Generated by org.testng.reporters.JUnitXMLReporter -->
<testsuite ignored="0" hostname="DESKTOP-RDURFQE" failures="0" tests="4" name="Login and Registration Test" time="0.197" errors="0" timestamp="٢٠٢٥-٠٨-١٠T٠١:٢٦:٠٧ EEST">
  <testcase classname="TestingBrowser.LoginTest" name="testSuccessfulLogin" time="0.015"/>
  <testcase classname="TestingBrowser.LoginTest" name="testInvalidLogin" time="0.007"/>
  <testcase classname="TestingBrowser.RegistrationTest" name="testSuccessfulRegistration" time="0.014"/>
  <testcase classname="TestingBrowser.RegistrationTest" name="testInvalidRegistration" time="0.006"/>
</testsuite> <!-- Login and Registration Test -->
