<?xml version="1.0" encoding="UTF-8"?>
<!-- Generated by org.testng.reporters.JUnitXMLReporter -->
<testsuite ignored="0" hostname="DESKTOP-RDURFQE" failures="0" tests="4" name="Default test" time="0.208" errors="0" timestamp="٢٠٢٥-٠٨-١٢T١٩:٢٠:٠٤ EEST">
  <testcase classname="TestNG_HWs.FruitShop" name="cartLength" time="0.021"/>
  <testcase classname="TestNG_HWs.FruitShop" name="noPineapple" time="0.013"/>
  <testcase classname="TestNG_HWs.FruitShop" name="secondItem" time="0.005"/>
  <testcase classname="TestNG_HWs.FruitShop" name="addingMango" time="0.01"/>
</testsuite> <!-- Default test -->
