<?xml version="1.0" encoding="UTF-8"?>
<testng-results ignored="0" total="10" passed="8" failed="2" skipped="0">
  <reporter-output>
  </reporter-output>
  <suite started-at="٢٠٢٥-٠٨-١٧T٢٠:٣٤:٢٦ EEST" name="Default suite" finished-at="٢٠٢٥-٠٨-١٧T٢٠:٣٤:٢٦ EEST" duration-ms="387">
    <groups>
    </groups>
    <test started-at="٢٠٢٥-٠٨-١٧T٢٠:٣٤:٢٦ EEST" name="Default test" finished-at="٢٠٢٥-٠٨-١٧T٢٠:٣٤:٢٦ EEST" duration-ms="387">
      <class name="DDT_Excel.PrimerNumberCheckerTest">
        <test-method is-config="true" signature="organizeColumns()[pri:0, instance:DDT_Excel.PrimerNumberCheckerTest@71d44a3]" started-at="٢٠٢٥-٠٨-١٧T٢٠:٣٤:٢٦ EEST" name="organizeColumns" finished-at="٢٠٢٥-٠٨-١٧T٢٠:٣٤:٢٦ EEST" duration-ms="26" status="PASS">
          <reporter-output>
          </reporter-output>
        </test-method> <!-- organizeColumns -->
        <test-method signature="testPrime(java.lang.String,int,boolean)[pri:0, instance:DDT_Excel.PrimerNumberCheckerTest@71d44a3]" started-at="٢٠٢٥-٠٨-١٧T٢٠:٣٤:٢٦ EEST" name="testPrime" data-provider="prime" finished-at="٢٠٢٥-٠٨-١٧T٢٠:٣٤:٢٦ EEST" duration-ms="44" status="PASS">
          <params>
            <param index="0">
              <value>
                <![CDATA[Check if the number -1 is prime]]>
              </value>
            </param>
            <param index="1">
              <value>
                <![CDATA[-1]]>
              </value>
            </param>
            <param index="2">
              <value>
                <![CDATA[false]]>
              </value>
            </param>
          </params>
          <reporter-output>
          </reporter-output>
        </test-method> <!-- testPrime -->
        <test-method signature="testPrime(java.lang.String,int,boolean)[pri:0, instance:DDT_Excel.PrimerNumberCheckerTest@71d44a3]" started-at="٢٠٢٥-٠٨-١٧T٢٠:٣٤:٢٦ EEST" name="testPrime" data-provider="prime" finished-at="٢٠٢٥-٠٨-١٧T٢٠:٣٤:٢٦ EEST" duration-ms="10" status="PASS">
          <params>
            <param index="0">
              <value>
                <![CDATA[Check if the number 0 is prime]]>
              </value>
            </param>
            <param index="1">
              <value>
                <![CDATA[0]]>
              </value>
            </param>
            <param index="2">
              <value>
                <![CDATA[false]]>
              </value>
            </param>
          </params>
          <reporter-output>
          </reporter-output>
        </test-method> <!-- testPrime -->
        <test-method signature="testPrime(java.lang.String,int,boolean)[pri:0, instance:DDT_Excel.PrimerNumberCheckerTest@71d44a3]" started-at="٢٠٢٥-٠٨-١٧T٢٠:٣٤:٢٦ EEST" name="testPrime" data-provider="prime" finished-at="٢٠٢٥-٠٨-١٧T٢٠:٣٤:٢٦ EEST" duration-ms="11" status="PASS">
          <params>
            <param index="0">
              <value>
                <![CDATA[Check if the number 1 is prime]]>
              </value>
            </param>
            <param index="1">
              <value>
                <![CDATA[1]]>
              </value>
            </param>
            <param index="2">
              <value>
                <![CDATA[false]]>
              </value>
            </param>
          </params>
          <reporter-output>
          </reporter-output>
        </test-method> <!-- testPrime -->
        <test-method signature="testPrime(java.lang.String,int,boolean)[pri:0, instance:DDT_Excel.PrimerNumberCheckerTest@71d44a3]" started-at="٢٠٢٥-٠٨-١٧T٢٠:٣٤:٢٦ EEST" name="testPrime" data-provider="prime" finished-at="٢٠٢٥-٠٨-١٧T٢٠:٣٤:٢٦ EEST" duration-ms="9" status="PASS">
          <params>
            <param index="0">
              <value>
                <![CDATA[Check if the number 2 is prime]]>
              </value>
            </param>
            <param index="1">
              <value>
                <![CDATA[2]]>
              </value>
            </param>
            <param index="2">
              <value>
                <![CDATA[true]]>
              </value>
            </param>
          </params>
          <reporter-output>
          </reporter-output>
        </test-method> <!-- testPrime -->
        <test-method signature="testPrime(java.lang.String,int,boolean)[pri:0, instance:DDT_Excel.PrimerNumberCheckerTest@71d44a3]" started-at="٢٠٢٥-٠٨-١٧T٢٠:٣٤:٢٦ EEST" name="testPrime" data-provider="prime" finished-at="٢٠٢٥-٠٨-١٧T٢٠:٣٤:٢٦ EEST" duration-ms="17" status="PASS">
          <params>
            <param index="0">
              <value>
                <![CDATA[Check if the number 3 is prime]]>
              </value>
            </param>
            <param index="1">
              <value>
                <![CDATA[3]]>
              </value>
            </param>
            <param index="2">
              <value>
                <![CDATA[true]]>
              </value>
            </param>
          </params>
          <reporter-output>
          </reporter-output>
        </test-method> <!-- testPrime -->
        <test-method signature="testPrime(java.lang.String,int,boolean)[pri:0, instance:DDT_Excel.PrimerNumberCheckerTest@71d44a3]" started-at="٢٠٢٥-٠٨-١٧T٢٠:٣٤:٢٦ EEST" name="testPrime" data-provider="prime" finished-at="٢٠٢٥-٠٨-١٧T٢٠:٣٤:٢٦ EEST" duration-ms="14" status="PASS">
          <params>
            <param index="0">
              <value>
                <![CDATA[Check if the number 7 is prime]]>
              </value>
            </param>
            <param index="1">
              <value>
                <![CDATA[7]]>
              </value>
            </param>
            <param index="2">
              <value>
                <![CDATA[true]]>
              </value>
            </param>
          </params>
          <reporter-output>
          </reporter-output>
        </test-method> <!-- testPrime -->
        <test-method signature="testPrime(java.lang.String,int,boolean)[pri:0, instance:DDT_Excel.PrimerNumberCheckerTest@71d44a3]" started-at="٢٠٢٥-٠٨-١٧T٢٠:٣٤:٢٦ EEST" name="testPrime" data-provider="prime" finished-at="٢٠٢٥-٠٨-١٧T٢٠:٣٤:٢٦ EEST" duration-ms="36" status="FAIL">
          <params>
            <param index="0">
              <value>
                <![CDATA[Check if the number 8 is prime]]>
              </value>
            </param>
            <param index="1">
              <value>
                <![CDATA[8]]>
              </value>
            </param>
            <param index="2">
              <value>
                <![CDATA[false]]>
              </value>
            </param>
          </params>
          <exception class="java.lang.AssertionError">
            <message>
              <![CDATA[Prime Operation FAILED !! expected [true] but found [false]]]>
            </message>
            <full-stacktrace>
              <![CDATA[java.lang.AssertionError: Prime Operation FAILED !! expected [true] but found [false]
at org.testng.Assert.fail(Assert.java:111)
at org.testng.Assert.failNotEquals(Assert.java:1590)
at org.testng.Assert.assertEqualsImpl(Assert.java:150)
at org.testng.Assert.assertEquals(Assert.java:132)
at org.testng.Assert.assertEquals(Assert.java:1079)
at org.testng.Assert.assertEquals(Assert.java:1043)
at DDT_Excel.PrimerNumberCheckerTest.testPrime(PrimerNumberCheckerTest.java:22)
at java.base/jdk.internal.reflect.DirectMethodHandleAccessor.invoke(DirectMethodHandleAccessor.java:103)
at java.base/java.lang.reflect.Method.invoke(Method.java:580)
at org.testng.internal.invokers.MethodInvocationHelper.invokeMethod(MethodInvocationHelper.java:141)
at org.testng.internal.invokers.TestInvoker.invokeMethod(TestInvoker.java:687)
at org.testng.internal.invokers.TestInvoker.invokeTestMethod(TestInvoker.java:230)
at org.testng.internal.invokers.MethodRunner.runInSequence(MethodRunner.java:63)
at org.testng.internal.invokers.TestInvoker$MethodInvocationAgent.invoke(TestInvoker.java:995)
at org.testng.internal.invokers.TestInvoker.invokeTestMethods(TestInvoker.java:203)
at org.testng.internal.invokers.TestMethodWorker.invokeTestMethods(TestMethodWorker.java:154)
at org.testng.internal.invokers.TestMethodWorker.run(TestMethodWorker.java:134)
at java.base/java.util.ArrayList.forEach(ArrayList.java:1596)
at org.testng.TestRunner.privateRun(TestRunner.java:741)
at org.testng.TestRunner.run(TestRunner.java:616)
at org.testng.SuiteRunner.runTest(SuiteRunner.java:421)
at org.testng.SuiteRunner.runSequentially(SuiteRunner.java:413)
at org.testng.SuiteRunner.privateRun(SuiteRunner.java:373)
at org.testng.SuiteRunner.run(SuiteRunner.java:312)
at org.testng.SuiteRunnerWorker.runSuite(SuiteRunnerWorker.java:52)
at org.testng.SuiteRunnerWorker.run(SuiteRunnerWorker.java:95)
at org.testng.TestNG.runSuitesSequentially(TestNG.java:1274)
at org.testng.TestNG.runSuitesLocally(TestNG.java:1208)
at org.testng.TestNG.runSuites(TestNG.java:1112)
at org.testng.TestNG.run(TestNG.java:1079)
at org.testng.remote.AbstractRemoteTestNG.run(AbstractRemoteTestNG.java:115)
at org.testng.remote.RemoteTestNG.initAndRun(RemoteTestNG.java:293)
at org.testng.remote.RemoteTestNG.main(RemoteTestNG.java:91)
]]>
            </full-stacktrace>
          </exception> <!-- java.lang.AssertionError -->
          <reporter-output>
          </reporter-output>
        </test-method> <!-- testPrime -->
        <test-method signature="testPrime(java.lang.String,int,boolean)[pri:0, instance:DDT_Excel.PrimerNumberCheckerTest@71d44a3]" started-at="٢٠٢٥-٠٨-١٧T٢٠:٣٤:٢٦ EEST" name="testPrime" data-provider="prime" finished-at="٢٠٢٥-٠٨-١٧T٢٠:٣٤:٢٦ EEST" duration-ms="12" status="PASS">
          <params>
            <param index="0">
              <value>
                <![CDATA[Check if the number 20 is prime]]>
              </value>
            </param>
            <param index="1">
              <value>
                <![CDATA[20]]>
              </value>
            </param>
            <param index="2">
              <value>
                <![CDATA[false]]>
              </value>
            </param>
          </params>
          <reporter-output>
          </reporter-output>
        </test-method> <!-- testPrime -->
        <test-method signature="testPrime(java.lang.String,int,boolean)[pri:0, instance:DDT_Excel.PrimerNumberCheckerTest@71d44a3]" started-at="٢٠٢٥-٠٨-١٧T٢٠:٣٤:٢٦ EEST" name="testPrime" data-provider="prime" finished-at="٢٠٢٥-٠٨-١٧T٢٠:٣٤:٢٦ EEST" duration-ms="13" status="PASS">
          <params>
            <param index="0">
              <value>
                <![CDATA[Check if the number 22 is prime]]>
              </value>
            </param>
            <param index="1">
              <value>
                <![CDATA[22]]>
              </value>
            </param>
            <param index="2">
              <value>
                <![CDATA[false]]>
              </value>
            </param>
          </params>
          <reporter-output>
          </reporter-output>
        </test-method> <!-- testPrime -->
        <test-method signature="testPrime(java.lang.String,int,boolean)[pri:0, instance:DDT_Excel.PrimerNumberCheckerTest@71d44a3]" started-at="٢٠٢٥-٠٨-١٧T٢٠:٣٤:٢٦ EEST" name="testPrime" data-provider="prime" finished-at="٢٠٢٥-٠٨-١٧T٢٠:٣٤:٢٦ EEST" duration-ms="6" status="FAIL">
          <params>
            <param index="0">
              <value>
                <![CDATA[Check if the number 24 is prime]]>
              </value>
            </param>
            <param index="1">
              <value>
                <![CDATA[24]]>
              </value>
            </param>
            <param index="2">
              <value>
                <![CDATA[true]]>
              </value>
            </param>
          </params>
          <exception class="java.lang.AssertionError">
            <message>
              <![CDATA[Prime Operation FAILED !! expected [false] but found [true]]]>
            </message>
            <full-stacktrace>
              <![CDATA[java.lang.AssertionError: Prime Operation FAILED !! expected [false] but found [true]
at org.testng.Assert.fail(Assert.java:111)
at org.testng.Assert.failNotEquals(Assert.java:1590)
at org.testng.Assert.assertEqualsImpl(Assert.java:150)
at org.testng.Assert.assertEquals(Assert.java:132)
at org.testng.Assert.assertEquals(Assert.java:1079)
at org.testng.Assert.assertEquals(Assert.java:1043)
at DDT_Excel.PrimerNumberCheckerTest.testPrime(PrimerNumberCheckerTest.java:22)
at java.base/jdk.internal.reflect.DirectMethodHandleAccessor.invoke(DirectMethodHandleAccessor.java:103)
at java.base/java.lang.reflect.Method.invoke(Method.java:580)
at org.testng.internal.invokers.MethodInvocationHelper.invokeMethod(MethodInvocationHelper.java:141)
at org.testng.internal.invokers.TestInvoker.invokeMethod(TestInvoker.java:687)
at org.testng.internal.invokers.TestInvoker.invokeTestMethod(TestInvoker.java:230)
at org.testng.internal.invokers.MethodRunner.runInSequence(MethodRunner.java:63)
at org.testng.internal.invokers.TestInvoker$MethodInvocationAgent.invoke(TestInvoker.java:995)
at org.testng.internal.invokers.TestInvoker.invokeTestMethods(TestInvoker.java:203)
at org.testng.internal.invokers.TestMethodWorker.invokeTestMethods(TestMethodWorker.java:154)
at org.testng.internal.invokers.TestMethodWorker.run(TestMethodWorker.java:134)
at java.base/java.util.ArrayList.forEach(ArrayList.java:1596)
at org.testng.TestRunner.privateRun(TestRunner.java:741)
at org.testng.TestRunner.run(TestRunner.java:616)
at org.testng.SuiteRunner.runTest(SuiteRunner.java:421)
at org.testng.SuiteRunner.runSequentially(SuiteRunner.java:413)
at org.testng.SuiteRunner.privateRun(SuiteRunner.java:373)
at org.testng.SuiteRunner.run(SuiteRunner.java:312)
at org.testng.SuiteRunnerWorker.runSuite(SuiteRunnerWorker.java:52)
at org.testng.SuiteRunnerWorker.run(SuiteRunnerWorker.java:95)
at org.testng.TestNG.runSuitesSequentially(TestNG.java:1274)
at org.testng.TestNG.runSuitesLocally(TestNG.java:1208)
at org.testng.TestNG.runSuites(TestNG.java:1112)
at org.testng.TestNG.run(TestNG.java:1079)
at org.testng.remote.AbstractRemoteTestNG.run(AbstractRemoteTestNG.java:115)
at org.testng.remote.RemoteTestNG.initAndRun(RemoteTestNG.java:293)
at org.testng.remote.RemoteTestNG.main(RemoteTestNG.java:91)
]]>
            </full-stacktrace>
          </exception> <!-- java.lang.AssertionError -->
          <reporter-output>
          </reporter-output>
        </test-method> <!-- testPrime -->
      </class> <!-- DDT_Excel.PrimerNumberCheckerTest -->
    </test> <!-- Default test -->
  </suite> <!-- Default suite -->
</testng-results>
