<?xml version="1.0" encoding="UTF-8"?>
<!-- Generated by org.testng.reporters.JUnitXMLReporter -->
<testsuite ignored="0" hostname="DESKTOP-RDURFQE" failures="0" tests="4" name="Test" time="0.111" errors="0" timestamp="٢٠٢٥-٠٨-١١T٠٢:٥٩:٥٦ EEST">
  <testcase classname="TestNG_HWs.FruitShop" name="cartLength" time="0.014"/>
  <testcase classname="TestNG_HWs.FruitShop" name="noPineapple" time="0.003"/>
  <testcase classname="TestNG_HWs.FruitShop" name="secondItem" time="0.003"/>
  <testcase classname="TestNG_HWs.FruitShop" name="addingMango" time="0.003"/>
</testsuite> <!-- Test -->
