<?xml version="1.0" encoding="UTF-8"?>
<!-- Generated by org.testng.reporters.JUnitXMLReporter -->
<testsuite ignored="0" hostname="DESKTOP-RDURFQE" failures="4" tests="24" name="Test" time="0.302" errors="0" timestamp="٢٠٢٥-٠٨-١٢T٠٨:١١:٥٠ EEST">
  <testcase classname="TestNG_HWs.UserAuthenticationTest" name="testAuthenticate" time="0.021"/>
  <testcase classname="TestNG_HWs.UserAuthenticationTest" name="testAuthenticate" time="0.003"/>
  <testcase classname="TestNG_HWs.UserAuthenticationTest" name="testAuthenticate" time="0.004"/>
  <testcase classname="TestNG_HWs.UserAuthenticationTest" name="testAuthenticate" time="0.002"/>
  <testcase classname="TestNG_HWs.UserAuthenticationTest" name="testAuthenticate" time="0.002"/>
  <testcase classname="TestNG_HWs.UserAuthenticationTest" name="testAuthenticate" time="0.002"/>
  <testcase classname="TestNG_HWs.UserAuthenticationTest" name="testAuthenticate" time="0.003"/>
  <testcase classname="TestNG_HWs.UserAuthenticationTest" name="testAuthenticate" time="0.004"/>
  <testcase classname="TestNG_HWs.UserAuthenticationTest" name="testAuthenticate" time="0.003"/>
  <testcase classname="TestNG_HWs.UserAuthenticationTest" name="testAuthenticate" time="0.002"/>
  <testcase classname="TestNG_HWs.UserAuthenticationTest" name="testAuthenticate" time="0.003">
    <failure type="java.lang.NullPointerException" message="Cannot invoke &amp;quot;String.equals(Object)&amp;quot; because &amp;quot;username&amp;quot; is null">
      <![CDATA[java.lang.NullPointerException: Cannot invoke "String.equals(Object)" because "username" is null
at TestNG_HWs.UserAuthentication.authenticate(UserAuthentication.java:7)
at TestNG_HWs.UserAuthenticationTest.testAuthenticate(UserAuthenticationTest.java:17)
at java.base/java.util.ArrayList.forEach(ArrayList.java:1596)
... Removed 25 stack frames]]>
    </failure>
  </testcase> <!-- testAuthenticate -->
  <testcase classname="TestNG_HWs.UserAuthenticationTest" name="testAuthenticate" time="0.003">
    <failure type="java.lang.NullPointerException" message="Cannot invoke &amp;quot;String.equals(Object)&amp;quot; because &amp;quot;username&amp;quot; is null">
      <![CDATA[java.lang.NullPointerException: Cannot invoke "String.equals(Object)" because "username" is null
at TestNG_HWs.UserAuthentication.authenticate(UserAuthentication.java:7)
at TestNG_HWs.UserAuthenticationTest.testAuthenticate(UserAuthenticationTest.java:17)
at java.base/java.util.ArrayList.forEach(ArrayList.java:1596)
... Removed 25 stack frames]]>
    </failure>
  </testcase> <!-- testAuthenticate -->
  <testcase classname="TestNG_HWs.UserAuthenticationTest2" name="testAuthenticate" time="0.003"/>
  <testcase classname="TestNG_HWs.UserAuthenticationTest2" name="testAuthenticate" time="0.002"/>
  <testcase classname="TestNG_HWs.UserAuthenticationTest2" name="testAuthenticate" time="0.002"/>
  <testcase classname="TestNG_HWs.UserAuthenticationTest2" name="testAuthenticate" time="0.002"/>
  <testcase classname="TestNG_HWs.UserAuthenticationTest2" name="testAuthenticate" time="0.001"/>
  <testcase classname="TestNG_HWs.UserAuthenticationTest2" name="testAuthenticate" time="0.009"/>
  <testcase classname="TestNG_HWs.UserAuthenticationTest2" name="testAuthenticate" time="0.016"/>
  <testcase classname="TestNG_HWs.UserAuthenticationTest2" name="testAuthenticate" time="0.002"/>
  <testcase classname="TestNG_HWs.UserAuthenticationTest2" name="testAuthenticate" time="0.003"/>
  <testcase classname="TestNG_HWs.UserAuthenticationTest2" name="testAuthenticate" time="0.003"/>
  <testcase classname="TestNG_HWs.UserAuthenticationTest2" name="testAuthenticate" time="0.003">
    <failure type="java.lang.NullPointerException" message="Cannot invoke &amp;quot;String.equals(Object)&amp;quot; because &amp;quot;username&amp;quot; is null">
      <![CDATA[java.lang.NullPointerException: Cannot invoke "String.equals(Object)" because "username" is null
at TestNG_HWs.UserAuthentication.authenticate(UserAuthentication.java:7)
at TestNG_HWs.UserAuthenticationTest2.testAuthenticate(UserAuthenticationTest2.java:17)
at java.base/java.util.ArrayList.forEach(ArrayList.java:1596)
... Removed 25 stack frames]]>
    </failure>
  </testcase> <!-- testAuthenticate -->
  <testcase classname="TestNG_HWs.UserAuthenticationTest2" name="testAuthenticate" time="0.003">
    <failure type="java.lang.NullPointerException" message="Cannot invoke &amp;quot;String.equals(Object)&amp;quot; because &amp;quot;username&amp;quot; is null">
      <![CDATA[java.lang.NullPointerException: Cannot invoke "String.equals(Object)" because "username" is null
at TestNG_HWs.UserAuthentication.authenticate(UserAuthentication.java:7)
at TestNG_HWs.UserAuthenticationTest2.testAuthenticate(UserAuthenticationTest2.java:17)
at java.base/java.util.ArrayList.forEach(ArrayList.java:1596)
... Removed 25 stack frames]]>
    </failure>
  </testcase> <!-- testAuthenticate -->
</testsuite> <!-- Test -->
